  [4;36;1mSQL (0.1ms)[0m   [0;1mSET NAMES 'utf8'[0m
  [4;35;1mSQL (0.1ms)[0m   [0mSET SQL_AUTO_IS_NULL=0[0m
  [4;36;1mSQL (0.3ms)[0m   [0;1mSHOW TABLES[0m
  [4;35;1mSQL (150.9ms)[0m   [0mCREATE TABLE `schema_migrations` (`version` varchar(255) NOT NULL) ENGINE=InnoDB[0m
  [4;36;1mSQL (187.3ms)[0m   [0;1mCREATE UNIQUE INDEX `unique_schema_migrations` ON `schema_migrations` (`version`)[0m
  [4;35;1mSQL (0.3ms)[0m   [0mSHOW TABLES[0m
  [4;36;1mSQL (0.4ms)[0m   [0;1mSHOW TABLES[0m
  [4;35;1mSQL (0.3ms)[0m   [0mSELECT version FROM schema_migrations[0m
  [4;36;1mSQL (0.3ms)[0m   [0;1mSHOW TABLES[0m
  [4;36;1mSQL (0.1ms)[0m   [0;1mSET NAMES 'utf8'[0m
  [4;35;1mSQL (0.1ms)[0m   [0mSET SQL_AUTO_IS_NULL=0[0m
  [4;36;1mSQL (0.4ms)[0m   [0;1mSHOW TABLES[0m
  [4;35;1mSQL (0.2ms)[0m   [0mSELECT version FROM schema_migrations[0m
Migrating to CreateNoticias (20100719144024)
  [4;36;1mSQL (89.7ms)[0m   [0;1mCREATE TABLE `noticias` (`id` int(11) DEFAULT NULL auto_increment PRIMARY KEY, `created_at` datetime, `updated_at` datetime) ENGINE=InnoDB[0m
  [4;35;1mSQL (0.6ms)[0m   [0mINSERT INTO schema_migrations (version) VALUES ('20100719144024')[0m
  [4;36;1mSQL (0.5ms)[0m   [0;1mSHOW TABLES[0m
  [4;35;1mSQL (0.1ms)[0m   [0mSELECT version FROM schema_migrations[0m
  [4;36;1mSQL (0.3ms)[0m   [0;1mSHOW TABLES[0m
  [4;35;1mSQL (1.3ms)[0m   [0mSHOW FIELDS FROM `noticia`[0m
  [4;36;1mSQL (1.3ms)[0m   [0;1mdescribe `noticia`[0m
  [4;35;1mSQL (0.4ms)[0m   [0mSHOW KEYS FROM `noticia`[0m
  [4;36;1mSQL (1.5ms)[0m   [0;1mSHOW FIELDS FROM `noticias`[0m
  [4;35;1mSQL (1.3ms)[0m   [0mdescribe `noticias`[0m
  [4;36;1mSQL (0.6ms)[0m   [0;1mSHOW KEYS FROM `noticias`[0m
  [4;36;1mSQL (0.1ms)[0m   [0;1mSET NAMES 'utf8'[0m
  [4;35;1mSQL (0.1ms)[0m   [0mSET SQL_AUTO_IS_NULL=0[0m


Processing ApplicationController#index (for 127.0.0.1 at 2010-07-19 16:51:59) [GET]

ActionController::RoutingError (No route matches "/say/otherContext" with {:method=>:get}):
  

Rendering rescues/layout (not_found)
  [4;36;1mSQL (0.3ms)[0m   [0;1mSET NAMES 'utf8'[0m
  [4;35;1mSQL (0.1ms)[0m   [0mSET SQL_AUTO_IS_NULL=0[0m


Processing ApplicationController#index (for 127.0.0.1 at 2010-07-19 16:52:03) [GET]

ActionController::RoutingError (No route matches "/say/noticia" with {:method=>:get}):
  

Rendering rescues/layout (not_found)
  [4;36;1mSQL (0.1ms)[0m   [0;1mSET NAMES 'utf8'[0m
  [4;35;1mSQL (0.1ms)[0m   [0mSET SQL_AUTO_IS_NULL=0[0m


Processing ApplicationController#index (for 127.0.0.1 at 2010-07-19 16:52:07) [GET]

ActionController::RoutingError (No route matches "/say/noticias" with {:method=>:get}):
  

Rendering rescues/layout (not_found)
  [4;36;1mSQL (0.1ms)[0m   [0;1mSET NAMES 'utf8'[0m
  [4;35;1mSQL (0.1ms)[0m   [0mSET SQL_AUTO_IS_NULL=0[0m


Processing ApplicationController#index (for 127.0.0.1 at 2010-07-19 16:52:18) [GET]

ActionController::RoutingError (No route matches "/noticia" with {:method=>:get}):
  

Rendering rescues/layout (not_found)
  [4;36;1mSQL (0.1ms)[0m   [0;1mSET NAMES 'utf8'[0m
  [4;35;1mSQL (0.1ms)[0m   [0mSET SQL_AUTO_IS_NULL=0[0m


Processing NoticiasController#index (for 127.0.0.1 at 2010-07-19 16:52:21) [GET]
  [4;36;1mNoticia Load (0.3ms)[0m   [0;1mSELECT * FROM `noticias` [0m
Rendering template within layouts/noticias
Rendering noticias/index
Completed in 109ms (View: 105, DB: 0) | 200 OK [http://localhost/noticias]
  [4;35;1mSQL (0.1ms)[0m   [0mSET NAMES 'utf8'[0m
  [4;36;1mSQL (0.1ms)[0m   [0;1mSET SQL_AUTO_IS_NULL=0[0m


Processing NoticiasController#new (for 127.0.0.1 at 2010-07-19 16:53:24) [GET]
  [4;35;1mNoticia Columns (1.3ms)[0m   [0mSHOW FIELDS FROM `noticias`[0m
Rendering template within layouts/noticias
Rendering noticias/new
Completed in 14ms (View: 8, DB: 1) | 200 OK [http://localhost/noticias/new]
  [4;36;1mSQL (0.1ms)[0m   [0;1mSET NAMES 'utf8'[0m
  [4;35;1mSQL (0.1ms)[0m   [0mSET SQL_AUTO_IS_NULL=0[0m


Processing NoticiasController#create (for 127.0.0.1 at 2010-07-19 16:53:30) [POST]
  Parameters: {"commit"=>"Create", "authenticity_token"=>"yIrl2C4+hNSiyRFx7XYc2Iy0ItpmVH4NXbcxg0Sl1KU="}
  [4;36;1mNoticia Columns (1.2ms)[0m   [0;1mSHOW FIELDS FROM `noticias`[0m
  [4;35;1mSQL (0.1ms)[0m   [0mBEGIN[0m
  [4;36;1mNoticia Create (0.2ms)[0m   [0;1mINSERT INTO `noticias` (`updated_at`, `created_at`) VALUES('2010-07-19 14:53:30', '2010-07-19 14:53:30')[0m
  [4;35;1mSQL (0.4ms)[0m   [0mCOMMIT[0m
Redirected to http://localhost:3000/noticias/1
Completed in 8ms (DB: 2) | 302 Found [http://localhost/noticias]
  [4;36;1mSQL (0.1ms)[0m   [0;1mSET NAMES 'utf8'[0m
  [4;35;1mSQL (0.1ms)[0m   [0mSET SQL_AUTO_IS_NULL=0[0m


Processing NoticiasController#show (for 127.0.0.1 at 2010-07-19 16:53:30) [GET]
  Parameters: {"id"=>"1"}
  [4;36;1mNoticia Columns (1.3ms)[0m   [0;1mSHOW FIELDS FROM `noticias`[0m
  [4;35;1mNoticia Load (0.4ms)[0m   [0mSELECT * FROM `noticias` WHERE (`noticias`.`id` = 1) [0m
Rendering template within layouts/noticias
Rendering noticias/show
Completed in 12ms (View: 6, DB: 2) | 200 OK [http://localhost/noticias/1]
  [4;36;1mSQL (0.1ms)[0m   [0;1mSET NAMES 'utf8'[0m
  [4;35;1mSQL (0.1ms)[0m   [0mSET SQL_AUTO_IS_NULL=0[0m


Processing NoticiasController#edit (for 127.0.0.1 at 2010-07-19 16:53:32) [GET]
  Parameters: {"id"=>"1"}
  [4;36;1mNoticia Columns (1.3ms)[0m   [0;1mSHOW FIELDS FROM `noticias`[0m
  [4;35;1mNoticia Load (0.6ms)[0m   [0mSELECT * FROM `noticias` WHERE (`noticias`.`id` = 1) [0m
Rendering template within layouts/noticias
Rendering noticias/edit
Completed in 15ms (View: 9, DB: 2) | 200 OK [http://localhost/noticias/1/edit]
  [4;36;1mSQL (0.1ms)[0m   [0;1mSET NAMES 'utf8'[0m
  [4;35;1mSQL (0.1ms)[0m   [0mSET SQL_AUTO_IS_NULL=0[0m


Processing NoticiasController#show (for 127.0.0.1 at 2010-07-19 16:53:34) [GET]
  Parameters: {"id"=>"1"}
  [4;36;1mNoticia Columns (1.5ms)[0m   [0;1mSHOW FIELDS FROM `noticias`[0m
  [4;35;1mNoticia Load (0.4ms)[0m   [0mSELECT * FROM `noticias` WHERE (`noticias`.`id` = 1) [0m
Rendering template within layouts/noticias
Rendering noticias/show
Completed in 8ms (View: 2, DB: 2) | 200 OK [http://localhost/noticias/1]
  [4;36;1mSQL (0.1ms)[0m   [0;1mSET NAMES 'utf8'[0m
  [4;35;1mSQL (0.1ms)[0m   [0mSET SQL_AUTO_IS_NULL=0[0m


Processing NoticiasController#index (for 127.0.0.1 at 2010-07-19 16:53:35) [GET]
  [4;36;1mNoticia Load (0.3ms)[0m   [0;1mSELECT * FROM `noticias` [0m
Rendering template within layouts/noticias
Rendering noticias/index
  [4;35;1mNoticia Columns (1.2ms)[0m   [0mSHOW FIELDS FROM `noticias`[0m
Completed in 11ms (View: 5, DB: 2) | 200 OK [http://localhost/noticias]
  [4;36;1mSQL (0.1ms)[0m   [0;1mSET NAMES 'utf8'[0m
  [4;35;1mSQL (0.1ms)[0m   [0mSET SQL_AUTO_IS_NULL=0[0m


Processing NoticiasController#destroy (for 127.0.0.1 at 2010-07-19 16:53:39) [DELETE]
  Parameters: {"authenticity_token"=>"yIrl2C4+hNSiyRFx7XYc2Iy0ItpmVH4NXbcxg0Sl1KU=", "id"=>"1"}
  [4;36;1mNoticia Columns (1.3ms)[0m   [0;1mSHOW FIELDS FROM `noticias`[0m
  [4;35;1mNoticia Load (0.4ms)[0m   [0mSELECT * FROM `noticias` WHERE (`noticias`.`id` = 1) [0m
  [4;36;1mSQL (0.1ms)[0m   [0;1mBEGIN[0m
  [4;35;1mNoticia Destroy (0.2ms)[0m   [0mDELETE FROM `noticias` WHERE `id` = 1[0m
  [4;36;1mSQL (19.7ms)[0m   [0;1mCOMMIT[0m
Redirected to http://localhost:3000/noticias
Completed in 27ms (DB: 22) | 302 Found [http://localhost/noticias/1]
  [4;35;1mSQL (0.1ms)[0m   [0mSET NAMES 'utf8'[0m
  [4;36;1mSQL (0.1ms)[0m   [0;1mSET SQL_AUTO_IS_NULL=0[0m


Processing NoticiasController#index (for 127.0.0.1 at 2010-07-19 16:53:39) [GET]
  [4;35;1mNoticia Load (0.3ms)[0m   [0mSELECT * FROM `noticias` [0m
Rendering template within layouts/noticias
Rendering noticias/index
Completed in 5ms (View: 1, DB: 0) | 200 OK [http://localhost/noticias]
